{"obj": {"type": "AssignString", "path": ["sys", "name"], "value": "Untitled"}, "version": 1}
{"obj": {"type": "AssignString", "path": ["sys", "description"], "value": ""}, "version": 2}
{"obj": {"type": "AssignString", "path": ["sys", "hostname"], "value": "iwona-VirtualBox"}, "version": 3}
{"obj": {"type": "ClearStringLog", "path": ["monitoring", "stdout"]}, "version": 4}
{"obj": {"type": "ClearStringLog", "path": ["monitoring", "stderr"]}, "version": 5}
{"obj": {"type": "LogStrings", "path": ["monitoring", "stderr"], "values": [{"value": "psutil is not installed. Hardware metrics will not be collected.\n", "step": null, "ts": 1624044839.6885748}]}, "version": 6}
{"obj": {"type": "LogStrings", "path": ["monitoring", "stdout"], "values": [{"value": "b''", "step": null, "ts": 1624044839.7064505}]}, "version": 7}
{"obj": {"type": "LogStrings", "path": ["monitoring", "stdout"], "values": [{"value": "b'https://app.neptune.ai/ikarpicka/ProjectML/e/PROJ-12\\n'", "step": null, "ts": 1624044839.7069376}]}, "version": 8}
{"obj": {"type": "LogStrings", "path": ["monitoring", "stdout"], "values": [{"value": "(3750, 10000)", "step": null, "ts": 1624044937.7970955}]}, "version": 9}
{"obj": {"type": "LogStrings", "path": ["monitoring", "stdout"], "values": [{"value": " ", "step": null, "ts": 1624044937.7983968}]}, "version": 10}
{"obj": {"type": "LogStrings", "path": ["monitoring", "stdout"], "values": [{"value": "(1250, 10000)", "step": null, "ts": 1624044937.7994888}]}, "version": 11}
{"obj": {"type": "LogStrings", "path": ["monitoring", "stdout"], "values": [{"value": " ", "step": null, "ts": 1624044937.8021922}]}, "version": 12}
{"obj": {"type": "LogStrings", "path": ["monitoring", "stdout"], "values": [{"value": "(3750, 1)", "step": null, "ts": 1624044937.8031623}]}, "version": 13}
{"obj": {"type": "LogStrings", "path": ["monitoring", "stdout"], "values": [{"value": "\n", "step": null, "ts": 1624044937.8035886}]}, "version": 14}
{"obj": {"type": "LogStrings", "path": ["monitoring", "stdout"], "values": [{"value": "['PCA', 'StandardScaler', 'df_test', 'df_train', 'df_train_labels', 'neptune', 'os', 'pd', 'qgrid', 'run', 'scipy', 'sns', 'train_test_split']", "step": null, "ts": 1624045051.8590727}]}, "version": 15}
{"obj": {"type": "LogStrings", "path": ["monitoring", "stdout"], "values": [{"value": "\n", "step": null, "ts": 1624045051.8599513}]}, "version": 16}
{"obj": {"type": "LogStrings", "path": ["monitoring", "stdout"], "values": [{"value": "['PCA', 'StandardScaler', 'df_test', 'df_train', 'df_train_labels', 'neptune', 'os', 'pd', 'qgrid', 'run', 'scipy', 'sns', 'train_test_split']", "step": null, "ts": 1624045078.3817697}]}, "version": 17}
{"obj": {"type": "LogStrings", "path": ["monitoring", "stdout"], "values": [{"value": "\n", "step": null, "ts": 1624045078.3829956}]}, "version": 18}
{"obj": {"type": "LogStrings", "path": ["monitoring", "stdout"], "values": [{"value": "['PCA', 'StandardScaler', 'df_test', 'df_train', 'df_train_labels', 'neptune', 'os', 'pd', 'qgrid', 'run', 'scipy', 'sns', 'train_test_split']", "step": null, "ts": 1624045078.4096384}]}, "version": 19}
{"obj": {"type": "LogStrings", "path": ["monitoring", "stdout"], "values": [{"value": "\n", "step": null, "ts": 1624045078.41033}]}, "version": 20}
{"obj": {"type": "LogStrings", "path": ["monitoring", "stdout"], "values": [{"value": "(3750, 10000)", "step": null, "ts": 1624045078.4277213}]}, "version": 21}
{"obj": {"type": "LogStrings", "path": ["monitoring", "stdout"], "values": [{"value": " ", "step": null, "ts": 1624045078.429871}]}, "version": 22}
{"obj": {"type": "LogStrings", "path": ["monitoring", "stdout"], "values": [{"value": "(1250, 10000)", "step": null, "ts": 1624045078.4319904}]}, "version": 23}
{"obj": {"type": "LogStrings", "path": ["monitoring", "stdout"], "values": [{"value": " ", "step": null, "ts": 1624045078.432789}]}, "version": 24}
{"obj": {"type": "LogStrings", "path": ["monitoring", "stdout"], "values": [{"value": "(3750, 1)", "step": null, "ts": 1624045078.4332676}]}, "version": 25}
{"obj": {"type": "LogStrings", "path": ["monitoring", "stdout"], "values": [{"value": "\n", "step": null, "ts": 1624045078.4337127}]}, "version": 26}
{"obj": {"type": "LogStrings", "path": ["monitoring", "stdout"], "values": [{"value": "['PCA', 'StandardScaler', 'df_test', 'df_train', 'df_train_labels', 'neptune', 'os', 'pd', 'qgrid', 'run', 'scipy', 'sns', 'train_test_split']", "step": null, "ts": 1624045078.463061}]}, "version": 27}
{"obj": {"type": "LogStrings", "path": ["monitoring", "stdout"], "values": [{"value": "\n", "step": null, "ts": 1624045078.4644809}]}, "version": 28}
{"obj": {"type": "LogStrings", "path": ["monitoring", "stdout"], "values": [{"value": "None", "step": null, "ts": 1624045233.15554}]}, "version": 29}
{"obj": {"type": "LogStrings", "path": ["monitoring", "stdout"], "values": [{"value": "\n", "step": null, "ts": 1624045233.156434}]}, "version": 30}
